-------------------------------------------------------------------------------
Test set: com.nnk.springboot.controller.LoginControllerTest
-------------------------------------------------------------------------------
Tests run: 3, Failures: 1, Errors: 1, Skipped: 0, Time elapsed: 5.585 s <<< FAILURE! -- in com.nnk.springboot.controller.LoginControllerTest
com.nnk.springboot.controller.LoginControllerTest.testLogin -- Time elapsed: 0.030 s <<< ERROR!
java.lang.IllegalArgumentException: 'url' should start with a path or be a complete HTTP URL: login
	at org.springframework.util.Assert.isTrue(Assert.java:129)
	at org.springframework.test.web.servlet.request.MockHttpServletRequestBuilder.initUri(MockHttpServletRequestBuilder.java:158)
	at org.springframework.test.web.servlet.request.MockHttpServletRequestBuilder.<init>(MockHttpServletRequestBuilder.java:153)
	at org.springframework.test.web.servlet.request.MockMvcRequestBuilders.get(MockMvcRequestBuilders.java:56)
	at com.nnk.springboot.controller.LoginControllerTest.testLogin(LoginControllerTest.java:36)
	at java.base/java.lang.reflect.Method.invoke(Method.java:568)
	at java.base/java.util.ArrayList.forEach(ArrayList.java:1511)
	at java.base/java.util.ArrayList.forEach(ArrayList.java:1511)

com.nnk.springboot.controller.LoginControllerTest.testGetAllUserArticles -- Time elapsed: 0.092 s <<< FAILURE!
java.lang.AssertionError: Status expected:<200> but was:<404>
	at org.springframework.test.util.AssertionErrors.fail(AssertionErrors.java:59)
	at org.springframework.test.util.AssertionErrors.assertEquals(AssertionErrors.java:122)
	at org.springframework.test.web.servlet.result.StatusResultMatchers.lambda$matcher$9(StatusResultMatchers.java:637)
	at org.springframework.test.web.servlet.MockMvc$1.andExpect(MockMvc.java:214)
	at com.nnk.springboot.controller.LoginControllerTest.testGetAllUserArticles(LoginControllerTest.java:46)
	at java.base/java.lang.reflect.Method.invoke(Method.java:568)
	at java.base/java.util.ArrayList.forEach(ArrayList.java:1511)
	at java.base/java.util.ArrayList.forEach(ArrayList.java:1511)

